<?xml version="1.0" encoding="UTF-8"?>
<!-- Generated by org.testng.reporters.JUnitReportReporter -->
<testsuite skipped="0" hostname="DESKTOP-9QHLOLF" name="rahulshettybreakdown.runner.TestRunner" tests="2" failures="0" timestamp="17 Mar 2024 13:26:27 GMT" time="36.440" errors="1">
  <testcase name="runScenario" time="11.792" classname="rahulshettybreakdown.runner.TestRunner">
    <error type="java.lang.NullPointerException">
      <![CDATA[java.lang.NullPointerException
at rahulshettybreakdown.stepdefinations.SubmitOrderStepDef.logged_in_username_and_password(SubmitOrderStepDef.java:37)
at ✽.Logged in with username sayanmanna@gmail.com and password Sayan@123(file:///C:/Users/SAYAN/eclipse-workspace_updated/SimpleFrameworkBreakdown/src/test/resource/feature/ErrorValidations.feature:10)
]]>
    </error>
  </testcase> <!-- runScenario -->
  <testcase name="runScenario" time="24.648" classname="rahulshettybreakdown.runner.TestRunner"/>
</testsuite> <!-- rahulshettybreakdown.runner.TestRunner -->
