<?xml version="1.0" encoding="UTF-8"?>
<!-- Generated by org.testng.reporters.JUnitReportReporter -->
<testsuite skipped="0" hostname="DESKTOP-9QHLOLF" name="rahulshettybreakdown.runner.TestNGTestRunner" tests="2" failures="0" timestamp="17 Mar 2024 13:16:37 GMT" time="28.007" errors="1">
  <testcase name="runScenario" time="18.736" classname="rahulshettybreakdown.runner.TestNGTestRunner"/>
  <testcase name="runScenario" time="9.271" classname="rahulshettybreakdown.runner.TestNGTestRunner">
    <error type="java.lang.NullPointerException">
      <![CDATA[java.lang.NullPointerException
at rahulshettybreakdown.stepdefinations.SubmitOrderStepDef.logged_in_username_and_password(SubmitOrderStepDef.java:37)
at ✽.Logged in with username sayanmanna@gmail.com and password Sayan@123(file:///C:/Users/SAYAN/eclipse-workspace_updated/RahulShettyBreakdown/src/test/resource/feature/ErrorValidations.feature:10)
]]>
    </error>
  </testcase> <!-- runScenario -->
</testsuite> <!-- rahulshettybreakdown.runner.TestNGTestRunner -->
